14-Dec-2022 13:44:41.881 INFO [main] org.apache.catalina.core.ApplicationContext.log ContextListener: contextInitialized()
14-Dec-2022 13:44:41.881 INFO [main] org.apache.catalina.core.ApplicationContext.log SessionListener: contextInitialized()
14-Dec-2022 13:44:41.882 INFO [main] org.apache.catalina.core.ApplicationContext.log ContextListener: attributeAdded('StockTicker', 'async.Stockticker@21005f6c')
14-Dec-2022 14:43:50.108 INFO [Thread-1] org.apache.catalina.core.ApplicationContext.log SessionListener: contextDestroyed()
14-Dec-2022 14:43:50.108 INFO [Thread-1] org.apache.catalina.core.ApplicationContext.log ContextListener: contextDestroyed()
14-Dec-2022 14:43:52.413 INFO [main] org.apache.catalina.core.ApplicationContext.log ContextListener: contextInitialized()
14-Dec-2022 14:43:52.413 INFO [main] org.apache.catalina.core.ApplicationContext.log SessionListener: contextInitialized()
14-Dec-2022 14:43:52.414 INFO [main] org.apache.catalina.core.ApplicationContext.log ContextListener: attributeAdded('StockTicker', 'async.Stockticker@21005f6c')
14-Dec-2022 14:44:56.561 INFO [Thread-1] org.apache.catalina.core.ApplicationContext.log SessionListener: contextDestroyed()
14-Dec-2022 14:44:56.561 INFO [Thread-1] org.apache.catalina.core.ApplicationContext.log ContextListener: contextDestroyed()
14-Dec-2022 14:44:58.721 INFO [main] org.apache.catalina.core.ApplicationContext.log ContextListener: contextInitialized()
14-Dec-2022 14:44:58.721 INFO [main] org.apache.catalina.core.ApplicationContext.log SessionListener: contextInitialized()
14-Dec-2022 14:44:58.725 INFO [main] org.apache.catalina.core.ApplicationContext.log ContextListener: attributeAdded('StockTicker', 'async.Stockticker@7813cb11')
14-Dec-2022 14:47:02.371 INFO [Thread-1] org.apache.catalina.core.ApplicationContext.log SessionListener: contextDestroyed()
14-Dec-2022 14:47:02.371 INFO [Thread-1] org.apache.catalina.core.ApplicationContext.log ContextListener: contextDestroyed()
14-Dec-2022 14:47:04.593 INFO [main] org.apache.catalina.core.ApplicationContext.log ContextListener: contextInitialized()
14-Dec-2022 14:47:04.594 INFO [main] org.apache.catalina.core.ApplicationContext.log SessionListener: contextInitialized()
14-Dec-2022 14:47:04.595 INFO [main] org.apache.catalina.core.ApplicationContext.log ContextListener: attributeAdded('StockTicker', 'async.Stockticker@7813cb11')
14-Dec-2022 14:48:01.007 INFO [Thread-1] org.apache.catalina.core.ApplicationContext.log SessionListener: contextDestroyed()
14-Dec-2022 14:48:01.007 INFO [Thread-1] org.apache.catalina.core.ApplicationContext.log ContextListener: contextDestroyed()
14-Dec-2022 14:48:03.241 INFO [main] org.apache.catalina.core.ApplicationContext.log ContextListener: contextInitialized()
14-Dec-2022 14:48:03.241 INFO [main] org.apache.catalina.core.ApplicationContext.log SessionListener: contextInitialized()
14-Dec-2022 14:48:03.242 INFO [main] org.apache.catalina.core.ApplicationContext.log ContextListener: attributeAdded('StockTicker', 'async.Stockticker@545de5a4')
14-Dec-2022 15:14:33.948 INFO [Thread-1] org.apache.catalina.core.ApplicationContext.log SessionListener: contextDestroyed()
14-Dec-2022 15:14:33.948 INFO [Thread-1] org.apache.catalina.core.ApplicationContext.log ContextListener: contextDestroyed()
14-Dec-2022 15:14:36.249 INFO [main] org.apache.catalina.core.ApplicationContext.log ContextListener: contextInitialized()
14-Dec-2022 15:14:36.249 INFO [main] org.apache.catalina.core.ApplicationContext.log SessionListener: contextInitialized()
14-Dec-2022 15:14:36.249 INFO [main] org.apache.catalina.core.ApplicationContext.log ContextListener: attributeAdded('StockTicker', 'async.Stockticker@5f7f2382')
14-Dec-2022 15:15:48.839 INFO [Thread-1] org.apache.catalina.core.ApplicationContext.log SessionListener: contextDestroyed()
14-Dec-2022 15:15:48.839 INFO [Thread-1] org.apache.catalina.core.ApplicationContext.log ContextListener: contextDestroyed()
14-Dec-2022 15:16:33.622 INFO [main] org.apache.catalina.core.ApplicationContext.log ContextListener: contextInitialized()
14-Dec-2022 15:16:33.622 INFO [main] org.apache.catalina.core.ApplicationContext.log SessionListener: contextInitialized()
14-Dec-2022 15:16:33.623 INFO [main] org.apache.catalina.core.ApplicationContext.log ContextListener: attributeAdded('StockTicker', 'async.Stockticker@407cf41')
14-Dec-2022 15:17:43.589 INFO [Thread-1] org.apache.catalina.core.ApplicationContext.log SessionListener: contextDestroyed()
14-Dec-2022 15:17:43.589 INFO [Thread-1] org.apache.catalina.core.ApplicationContext.log ContextListener: contextDestroyed()
14-Dec-2022 15:17:52.092 INFO [main] org.apache.catalina.core.ApplicationContext.log ContextListener: contextInitialized()
14-Dec-2022 15:17:52.092 INFO [main] org.apache.catalina.core.ApplicationContext.log SessionListener: contextInitialized()
14-Dec-2022 15:17:52.092 INFO [main] org.apache.catalina.core.ApplicationContext.log ContextListener: attributeAdded('StockTicker', 'async.Stockticker@5aceec94')
14-Dec-2022 15:21:22.633 INFO [Thread-1] org.apache.catalina.core.ApplicationContext.log SessionListener: contextDestroyed()
14-Dec-2022 15:21:22.633 INFO [Thread-1] org.apache.catalina.core.ApplicationContext.log ContextListener: contextDestroyed()
14-Dec-2022 15:21:24.709 INFO [main] org.apache.catalina.core.ApplicationContext.log ContextListener: contextInitialized()
14-Dec-2022 15:21:24.709 INFO [main] org.apache.catalina.core.ApplicationContext.log SessionListener: contextInitialized()
14-Dec-2022 15:21:24.710 INFO [main] org.apache.catalina.core.ApplicationContext.log ContextListener: attributeAdded('StockTicker', 'async.Stockticker@407cf41')
14-Dec-2022 15:22:00.046 INFO [Thread-1] org.apache.catalina.core.ApplicationContext.log SessionListener: contextDestroyed()
14-Dec-2022 15:22:00.046 INFO [Thread-1] org.apache.catalina.core.ApplicationContext.log ContextListener: contextDestroyed()
14-Dec-2022 15:22:02.100 INFO [main] org.apache.catalina.core.ApplicationContext.log ContextListener: contextInitialized()
14-Dec-2022 15:22:02.100 INFO [main] org.apache.catalina.core.ApplicationContext.log SessionListener: contextInitialized()
14-Dec-2022 15:22:02.101 INFO [main] org.apache.catalina.core.ApplicationContext.log ContextListener: attributeAdded('StockTicker', 'async.Stockticker@5f7f2382')
14-Dec-2022 15:23:02.540 INFO [Thread-1] org.apache.catalina.core.ApplicationContext.log SessionListener: contextDestroyed()
14-Dec-2022 15:23:02.540 INFO [Thread-1] org.apache.catalina.core.ApplicationContext.log ContextListener: contextDestroyed()
14-Dec-2022 15:23:04.780 INFO [main] org.apache.catalina.core.ApplicationContext.log ContextListener: contextInitialized()
14-Dec-2022 15:23:04.781 INFO [main] org.apache.catalina.core.ApplicationContext.log SessionListener: contextInitialized()
14-Dec-2022 15:23:04.782 INFO [main] org.apache.catalina.core.ApplicationContext.log ContextListener: attributeAdded('StockTicker', 'async.Stockticker@71a9b4c7')
14-Dec-2022 15:25:35.700 INFO [Thread-1] org.apache.catalina.core.ApplicationContext.log SessionListener: contextDestroyed()
14-Dec-2022 15:25:35.700 INFO [Thread-1] org.apache.catalina.core.ApplicationContext.log ContextListener: contextDestroyed()
14-Dec-2022 15:25:37.767 INFO [main] org.apache.catalina.core.ApplicationContext.log ContextListener: contextInitialized()
14-Dec-2022 15:25:37.767 INFO [main] org.apache.catalina.core.ApplicationContext.log SessionListener: contextInitialized()
14-Dec-2022 15:25:37.768 INFO [main] org.apache.catalina.core.ApplicationContext.log ContextListener: attributeAdded('StockTicker', 'async.Stockticker@226f885f')
14-Dec-2022 15:26:21.666 INFO [Thread-1] org.apache.catalina.core.ApplicationContext.log SessionListener: contextDestroyed()
14-Dec-2022 15:26:21.666 INFO [Thread-1] org.apache.catalina.core.ApplicationContext.log ContextListener: contextDestroyed()
14-Dec-2022 15:26:23.780 INFO [main] org.apache.catalina.core.ApplicationContext.log ContextListener: contextInitialized()
14-Dec-2022 15:26:23.780 INFO [main] org.apache.catalina.core.ApplicationContext.log SessionListener: contextInitialized()
14-Dec-2022 15:26:23.781 INFO [main] org.apache.catalina.core.ApplicationContext.log ContextListener: attributeAdded('StockTicker', 'async.Stockticker@71a9b4c7')
14-Dec-2022 15:39:09.362 INFO [Thread-1] org.apache.catalina.core.ApplicationContext.log SessionListener: contextDestroyed()
14-Dec-2022 15:39:09.362 INFO [Thread-1] org.apache.catalina.core.ApplicationContext.log ContextListener: contextDestroyed()
14-Dec-2022 15:39:11.552 INFO [main] org.apache.catalina.core.ApplicationContext.log ContextListener: contextInitialized()
14-Dec-2022 15:39:11.552 INFO [main] org.apache.catalina.core.ApplicationContext.log SessionListener: contextInitialized()
14-Dec-2022 15:39:11.553 INFO [main] org.apache.catalina.core.ApplicationContext.log ContextListener: attributeAdded('StockTicker', 'async.Stockticker@1cf2fed4')
14-Dec-2022 15:41:13.719 INFO [Thread-1] org.apache.catalina.core.ApplicationContext.log SessionListener: contextDestroyed()
14-Dec-2022 15:41:13.719 INFO [Thread-1] org.apache.catalina.core.ApplicationContext.log ContextListener: contextDestroyed()
14-Dec-2022 15:41:15.770 INFO [main] org.apache.catalina.core.ApplicationContext.log ContextListener: contextInitialized()
14-Dec-2022 15:41:15.770 INFO [main] org.apache.catalina.core.ApplicationContext.log SessionListener: contextInitialized()
14-Dec-2022 15:41:15.771 INFO [main] org.apache.catalina.core.ApplicationContext.log ContextListener: attributeAdded('StockTicker', 'async.Stockticker@7e0aadd0')
14-Dec-2022 19:52:08.485 INFO [main] org.apache.catalina.core.ApplicationContext.log ContextListener: contextInitialized()
14-Dec-2022 19:52:08.487 INFO [main] org.apache.catalina.core.ApplicationContext.log SessionListener: contextInitialized()
14-Dec-2022 19:52:08.489 INFO [main] org.apache.catalina.core.ApplicationContext.log ContextListener: attributeAdded('StockTicker', 'async.Stockticker@538613b3')
14-Dec-2022 19:53:04.400 INFO [Thread-1] org.apache.catalina.core.ApplicationContext.log SessionListener: contextDestroyed()
14-Dec-2022 19:53:04.400 INFO [Thread-1] org.apache.catalina.core.ApplicationContext.log ContextListener: contextDestroyed()
14-Dec-2022 19:53:43.134 INFO [main] org.apache.catalina.core.ApplicationContext.log ContextListener: contextInitialized()
14-Dec-2022 19:53:43.136 INFO [main] org.apache.catalina.core.ApplicationContext.log SessionListener: contextInitialized()
14-Dec-2022 19:53:43.138 INFO [main] org.apache.catalina.core.ApplicationContext.log ContextListener: attributeAdded('StockTicker', 'async.Stockticker@476aac9')
14-Dec-2022 19:55:06.101 INFO [Thread-1] org.apache.catalina.core.ApplicationContext.log SessionListener: contextDestroyed()
14-Dec-2022 19:55:06.101 INFO [Thread-1] org.apache.catalina.core.ApplicationContext.log ContextListener: contextDestroyed()
14-Dec-2022 19:55:20.473 INFO [main] org.apache.catalina.core.ApplicationContext.log ContextListener: contextInitialized()
14-Dec-2022 19:55:20.475 INFO [main] org.apache.catalina.core.ApplicationContext.log SessionListener: contextInitialized()
14-Dec-2022 19:55:20.478 INFO [main] org.apache.catalina.core.ApplicationContext.log ContextListener: attributeAdded('StockTicker', 'async.Stockticker@51768776')
14-Dec-2022 19:58:28.926 INFO [Thread-1] org.apache.catalina.core.ApplicationContext.log SessionListener: contextDestroyed()
14-Dec-2022 19:58:28.926 INFO [Thread-1] org.apache.catalina.core.ApplicationContext.log ContextListener: contextDestroyed()
14-Dec-2022 19:59:12.355 INFO [main] org.apache.catalina.core.ApplicationContext.log ContextListener: contextInitialized()
14-Dec-2022 19:59:12.356 INFO [main] org.apache.catalina.core.ApplicationContext.log SessionListener: contextInitialized()
14-Dec-2022 19:59:12.358 INFO [main] org.apache.catalina.core.ApplicationContext.log ContextListener: attributeAdded('StockTicker', 'async.Stockticker@4a9419d7')
14-Dec-2022 20:02:06.810 INFO [Thread-1] org.apache.catalina.core.ApplicationContext.log SessionListener: contextDestroyed()
14-Dec-2022 20:02:06.810 INFO [Thread-1] org.apache.catalina.core.ApplicationContext.log ContextListener: contextDestroyed()
14-Dec-2022 20:02:13.052 INFO [main] org.apache.catalina.core.ApplicationContext.log ContextListener: contextInitialized()
14-Dec-2022 20:02:13.053 INFO [main] org.apache.catalina.core.ApplicationContext.log SessionListener: contextInitialized()
14-Dec-2022 20:02:13.055 INFO [main] org.apache.catalina.core.ApplicationContext.log ContextListener: attributeAdded('StockTicker', 'async.Stockticker@3a0807b7')
14-Dec-2022 20:12:55.861 INFO [Thread-1] org.apache.catalina.core.ApplicationContext.log SessionListener: contextDestroyed()
14-Dec-2022 20:12:55.862 INFO [Thread-1] org.apache.catalina.core.ApplicationContext.log ContextListener: contextDestroyed()
14-Dec-2022 20:13:01.642 INFO [main] org.apache.catalina.core.ApplicationContext.log ContextListener: contextInitialized()
14-Dec-2022 20:13:01.644 INFO [main] org.apache.catalina.core.ApplicationContext.log SessionListener: contextInitialized()
14-Dec-2022 20:13:01.646 INFO [main] org.apache.catalina.core.ApplicationContext.log ContextListener: attributeAdded('StockTicker', 'async.Stockticker@38f57b3d')
14-Dec-2022 20:14:29.430 INFO [Thread-1] org.apache.catalina.core.ApplicationContext.log SessionListener: contextDestroyed()
14-Dec-2022 20:14:29.431 INFO [Thread-1] org.apache.catalina.core.ApplicationContext.log ContextListener: contextDestroyed()
14-Dec-2022 20:15:07.314 INFO [main] org.apache.catalina.core.ApplicationContext.log ContextListener: contextInitialized()
14-Dec-2022 20:15:07.314 INFO [main] org.apache.catalina.core.ApplicationContext.log SessionListener: contextInitialized()
14-Dec-2022 20:15:07.316 INFO [main] org.apache.catalina.core.ApplicationContext.log ContextListener: attributeAdded('StockTicker', 'async.Stockticker@77602954')
14-Dec-2022 20:16:38.372 INFO [Thread-1] org.apache.catalina.core.ApplicationContext.log SessionListener: contextDestroyed()
14-Dec-2022 20:16:38.372 INFO [Thread-1] org.apache.catalina.core.ApplicationContext.log ContextListener: contextDestroyed()
14-Dec-2022 20:16:53.379 INFO [main] org.apache.catalina.core.ApplicationContext.log ContextListener: contextInitialized()
14-Dec-2022 20:16:53.379 INFO [main] org.apache.catalina.core.ApplicationContext.log SessionListener: contextInitialized()
14-Dec-2022 20:16:53.382 INFO [main] org.apache.catalina.core.ApplicationContext.log ContextListener: attributeAdded('StockTicker', 'async.Stockticker@2f3c6ac4')
14-Dec-2022 20:25:21.300 INFO [Thread-1] org.apache.catalina.core.ApplicationContext.log SessionListener: contextDestroyed()
14-Dec-2022 20:25:21.301 INFO [Thread-1] org.apache.catalina.core.ApplicationContext.log ContextListener: contextDestroyed()
14-Dec-2022 20:25:26.494 INFO [main] org.apache.catalina.core.ApplicationContext.log ContextListener: contextInitialized()
14-Dec-2022 20:25:26.494 INFO [main] org.apache.catalina.core.ApplicationContext.log SessionListener: contextInitialized()
14-Dec-2022 20:25:26.496 INFO [main] org.apache.catalina.core.ApplicationContext.log ContextListener: attributeAdded('StockTicker', 'async.Stockticker@f6c03cb')
14-Dec-2022 20:26:48.514 INFO [Thread-1] org.apache.catalina.core.ApplicationContext.log SessionListener: contextDestroyed()
14-Dec-2022 20:26:48.514 INFO [Thread-1] org.apache.catalina.core.ApplicationContext.log ContextListener: contextDestroyed()
14-Dec-2022 20:28:07.548 INFO [main] org.apache.catalina.core.ApplicationContext.log ContextListener: contextInitialized()
14-Dec-2022 20:28:07.548 INFO [main] org.apache.catalina.core.ApplicationContext.log SessionListener: contextInitialized()
14-Dec-2022 20:28:07.551 INFO [main] org.apache.catalina.core.ApplicationContext.log ContextListener: attributeAdded('StockTicker', 'async.Stockticker@4a9419d7')
14-Dec-2022 20:29:23.789 INFO [Thread-1] org.apache.catalina.core.ApplicationContext.log SessionListener: contextDestroyed()
14-Dec-2022 20:29:23.790 INFO [Thread-1] org.apache.catalina.core.ApplicationContext.log ContextListener: contextDestroyed()
14-Dec-2022 20:29:48.154 INFO [main] org.apache.catalina.core.ApplicationContext.log ContextListener: contextInitialized()
14-Dec-2022 20:29:48.154 INFO [main] org.apache.catalina.core.ApplicationContext.log SessionListener: contextInitialized()
14-Dec-2022 20:29:48.157 INFO [main] org.apache.catalina.core.ApplicationContext.log ContextListener: attributeAdded('StockTicker', 'async.Stockticker@aec50a1')
14-Dec-2022 20:30:12.235 INFO [Thread-1] org.apache.catalina.core.ApplicationContext.log SessionListener: contextDestroyed()
14-Dec-2022 20:30:12.235 INFO [Thread-1] org.apache.catalina.core.ApplicationContext.log ContextListener: contextDestroyed()
14-Dec-2022 20:39:47.371 INFO [main] org.apache.catalina.core.ApplicationContext.log ContextListener: contextInitialized()
14-Dec-2022 20:39:47.371 INFO [main] org.apache.catalina.core.ApplicationContext.log SessionListener: contextInitialized()
14-Dec-2022 20:39:47.375 INFO [main] org.apache.catalina.core.ApplicationContext.log ContextListener: attributeAdded('StockTicker', 'async.Stockticker@fff25f1')
14-Dec-2022 20:53:05.628 INFO [Thread-1] org.apache.catalina.core.ApplicationContext.log SessionListener: contextDestroyed()
14-Dec-2022 20:53:05.628 INFO [Thread-1] org.apache.catalina.core.ApplicationContext.log ContextListener: contextDestroyed()
14-Dec-2022 20:53:25.257 INFO [main] org.apache.catalina.core.ApplicationContext.log ContextListener: contextInitialized()
14-Dec-2022 20:53:25.258 INFO [main] org.apache.catalina.core.ApplicationContext.log SessionListener: contextInitialized()
14-Dec-2022 20:53:25.260 INFO [main] org.apache.catalina.core.ApplicationContext.log ContextListener: attributeAdded('StockTicker', 'async.Stockticker@fff25f1')
14-Dec-2022 20:56:21.211 INFO [Thread-1] org.apache.catalina.core.ApplicationContext.log SessionListener: contextDestroyed()
14-Dec-2022 20:56:21.211 INFO [Thread-1] org.apache.catalina.core.ApplicationContext.log ContextListener: contextDestroyed()
14-Dec-2022 20:56:31.607 INFO [main] org.apache.catalina.core.ApplicationContext.log ContextListener: contextInitialized()
14-Dec-2022 20:56:31.608 INFO [main] org.apache.catalina.core.ApplicationContext.log SessionListener: contextInitialized()
14-Dec-2022 20:56:31.610 INFO [main] org.apache.catalina.core.ApplicationContext.log ContextListener: attributeAdded('StockTicker', 'async.Stockticker@fff25f1')
